<?xml version="1.0" encoding="UTF-8"?>
<TestRun id="1e4d5c41-631c-4dc1-a595-e703276f8d09" name="ngbenjam@MNJ-DPS0CX1 2014-07-30 16:42:02" runUser="MMC\ngbenjam" xmlns="http://microsoft.com/schemas/VisualStudio/TeamTest/2010">
  <TestSettings name="Default Test Settings" id="f18bc3b7-4394-4026-9bec-91164d22e0ee">
    <Deployment userDeploymentRoot="c:\users\ngbenjam\documents\visual studio 2010\Projects\TaxiFare\TestResults" useDefaultDeploymentRoot="false" runDeploymentRoot="ngbenjam_MNJ-DPS0CX1 2014-07-30 16_42_02">
      <DeploymentItem filename="c:\users\ngbenjam\documents\visual studio 2010\Projects\TaxiFare\TaxiFare\bin\TaxiFare.dll" />
    </Deployment>
    <Execution>
      <TestTypeSpecific />
      <AgentRule name="Execution Agents">
      </AgentRule>
    </Execution>
  </TestSettings>
  <Times creation="2014-07-30T16:42:02.7505206-04:00" queuing="2014-07-30T16:42:03.7766232-04:00" start="2014-07-30T16:42:03.8756331-04:00" finish="2014-07-30T16:43:19.6782126-04:00" />
  <ResultSummary outcome="Error">
    <Counters total="1" executed="1" error="0" failed="0" timeout="0" aborted="1" inconclusive="0" passedButRunAborted="0" notRunnable="0" notExecuted="0" disconnected="0" warning="0" passed="0" completed="0" inProgress="0" pending="0" />
    <RunInfos>
      <RunInfo computerName="MNJ-DPS0CX1" outcome="Error" timestamp="2014-07-30T16:43:19.6772125-04:00">
        <Text>Test host process exited unexpectedly.</Text>
      </RunInfo>
    </RunInfos>
  </ResultSummary>
  <TestDefinitions>
    <UnitTest name="GetRideInfo" storage="c:\users\ngbenjam\documents\visual studio 2010\projects\taxifare\taxifare.tests\bin\debug\taxifare.tests.dll" id="7e24e37d-c5d5-2f84-f77e-d4ddfba04829">
      <Execution id="0f642f3b-510c-4f6f-b14e-b9ea266ef4b1" />
      <TestMethod codeBase="c:/users/ngbenjam/documents/visual studio 2010/Projects/TaxiFare/TaxiFare.Tests/bin/Debug/TaxiFare.Tests.DLL" adapterTypeName="Microsoft.VisualStudio.TestTools.TestTypes.Unit.UnitTestAdapter, Microsoft.VisualStudio.QualityTools.Tips.UnitTest.Adapter, Version=10.0.0.0, Culture=neutral, PublicKeyToken=b03f5f7f11d50a3a" className="TaxiFare.Tests.Controllers.HomeControllerTest, TaxiFare.Tests, Version=1.0.0.0, Culture=neutral, PublicKeyToken=null" name="GetRideInfo" />
    </UnitTest>
  </TestDefinitions>
  <TestLists>
    <TestList name="Results Not in a List" id="8c84fa94-04c1-424b-9868-57a2d4851a1d" />
    <TestList name="All Loaded Results" id="19431567-8539-422a-85d7-44ee4e166bda" />
  </TestLists>
  <TestEntries>
    <TestEntry testId="7e24e37d-c5d5-2f84-f77e-d4ddfba04829" executionId="0f642f3b-510c-4f6f-b14e-b9ea266ef4b1" testListId="8c84fa94-04c1-424b-9868-57a2d4851a1d" />
  </TestEntries>
  <Results>
    <UnitTestResult executionId="0f642f3b-510c-4f6f-b14e-b9ea266ef4b1" testId="7e24e37d-c5d5-2f84-f77e-d4ddfba04829" testName="GetRideInfo" computerName="MNJ-DPS0CX1" duration="00:01:15.6875680" startTime="2014-07-30T16:42:03.9906446-04:00" endTime="2014-07-30T16:43:19.6782126-04:00" testType="13cdc9d9-ddb5-4fa4-a97d-d965ccfc6d4b" outcome="Aborted" testListId="8c84fa94-04c1-424b-9868-57a2d4851a1d" relativeResultsDirectory="0f642f3b-510c-4f6f-b14e-b9ea266ef4b1">
    </UnitTestResult>
  </Results>
</TestRun>