<?xml version="1.0" encoding="UTF-8"?>
<TestRun id="4fe03bd9-a11e-4e16-ac69-881aeea97f9a" name="ngbenjam@MNJ-DPS0CX1 2014-07-30 16:41:11" runUser="MMC\ngbenjam" xmlns="http://microsoft.com/schemas/VisualStudio/TeamTest/2010">
  <TestSettings name="Default Test Settings" id="3d17c493-7340-4f2a-9869-05d0326d8893">
    <Deployment runDeploymentRoot="ngbenjam_MNJ-DPS0CX1 2014-07-30 16_41_11">
      <DeploymentItem filename="c:\users\ngbenjam\documents\visual studio 2010\Projects\TaxiFare\TaxiFare\bin\TaxiFare.dll" />
    </Deployment>
    <Execution>
      <TestTypeSpecific />
      <AgentRule name="Execution Agents">
      </AgentRule>
    </Execution>
  </TestSettings>
  <Times creation="2014-07-30T16:41:11.0773538-04:00" queuing="2014-07-30T16:41:11.1533614-04:00" start="2014-07-30T16:41:11.1573618-04:00" finish="2014-07-30T16:41:11.3493810-04:00" />
  <ResultSummary outcome="Failed">
    <Counters total="2" executed="2" passed="1" error="0" failed="1" timeout="0" aborted="0" inconclusive="0" passedButRunAborted="0" notRunnable="0" notExecuted="0" disconnected="0" warning="0" completed="0" inProgress="0" pending="0" />
  </ResultSummary>
  <TestDefinitions>
    <UnitTest name="GetRideInfo" storage="c:\users\ngbenjam\documents\visual studio 2010\projects\taxifare\taxifare.tests\bin\debug\taxifare.tests.dll" id="7e24e37d-c5d5-2f84-f77e-d4ddfba04829">
      <Execution id="2ea3491b-9488-4b34-91b4-6e5275d49e4a" />
      <TestMethod codeBase="c:/users/ngbenjam/documents/visual studio 2010/Projects/TaxiFare/TaxiFare.Tests/bin/Debug/TaxiFare.Tests.DLL" adapterTypeName="Microsoft.VisualStudio.TestTools.TestTypes.Unit.UnitTestAdapter, Microsoft.VisualStudio.QualityTools.Tips.UnitTest.Adapter, Version=10.0.0.0, Culture=neutral, PublicKeyToken=b03f5f7f11d50a3a" className="TaxiFare.Tests.Controllers.HomeControllerTest, TaxiFare.Tests, Version=1.0.0.0, Culture=neutral, PublicKeyToken=null" name="GetRideInfo" />
    </UnitTest>
    <UnitTest name="Index" storage="c:\users\ngbenjam\documents\visual studio 2010\projects\taxifare\taxifare.tests\bin\debug\taxifare.tests.dll" id="822471b5-f967-4ffc-d222-ee6728f8f5dc">
      <Execution id="0b5205e5-a595-408b-87cc-c7435c5dda08" />
      <TestMethod codeBase="c:/users/ngbenjam/documents/visual studio 2010/Projects/TaxiFare/TaxiFare.Tests/bin/Debug/TaxiFare.Tests.DLL" adapterTypeName="Microsoft.VisualStudio.TestTools.TestTypes.Unit.UnitTestAdapter, Microsoft.VisualStudio.QualityTools.Tips.UnitTest.Adapter, Version=10.0.0.0, Culture=neutral, PublicKeyToken=b03f5f7f11d50a3a" className="TaxiFare.Tests.Controllers.HomeControllerTest, TaxiFare.Tests, Version=1.0.0.0, Culture=neutral, PublicKeyToken=null" name="Index" />
    </UnitTest>
  </TestDefinitions>
  <TestLists>
    <TestList name="Results Not in a List" id="8c84fa94-04c1-424b-9868-57a2d4851a1d" />
    <TestList name="All Loaded Results" id="19431567-8539-422a-85d7-44ee4e166bda" />
  </TestLists>
  <TestEntries>
    <TestEntry testId="7e24e37d-c5d5-2f84-f77e-d4ddfba04829" executionId="2ea3491b-9488-4b34-91b4-6e5275d49e4a" testListId="8c84fa94-04c1-424b-9868-57a2d4851a1d" />
    <TestEntry testId="822471b5-f967-4ffc-d222-ee6728f8f5dc" executionId="0b5205e5-a595-408b-87cc-c7435c5dda08" testListId="8c84fa94-04c1-424b-9868-57a2d4851a1d" />
  </TestEntries>
  <Results>
    <UnitTestResult executionId="2ea3491b-9488-4b34-91b4-6e5275d49e4a" testId="7e24e37d-c5d5-2f84-f77e-d4ddfba04829" testName="GetRideInfo" computerName="MNJ-DPS0CX1" duration="00:00:00.0383399" startTime="2014-07-30T16:41:11.1593620-04:00" endTime="2014-07-30T16:41:11.3253786-04:00" testType="13cdc9d9-ddb5-4fa4-a97d-d965ccfc6d4b" outcome="Failed" testListId="8c84fa94-04c1-424b-9868-57a2d4851a1d" relativeResultsDirectory="2ea3491b-9488-4b34-91b4-6e5275d49e4a">
      <Output>
        <ErrorInfo>
          <Message>Assert.AreEqual failed. Expected:&lt;The total fare is: 9.25&gt;. Actual:&lt;{ result = The total fare is: 9.25 }&gt;. </Message>
          <StackTrace>   at TaxiFare.Tests.Controllers.HomeControllerTest.GetRideInfo() in c:\users\ngbenjam\documents\visual studio 2010\Projects\TaxiFare\TaxiFare.Tests\Controllers\HomeControllerTest.cs:line 40
</StackTrace>
        </ErrorInfo>
      </Output>
    </UnitTestResult>
    <UnitTestResult executionId="0b5205e5-a595-408b-87cc-c7435c5dda08" testId="822471b5-f967-4ffc-d222-ee6728f8f5dc" testName="Index" computerName="MNJ-DPS0CX1" duration="00:00:00.0121547" startTime="2014-07-30T16:41:11.3263787-04:00" endTime="2014-07-30T16:41:11.3403801-04:00" testType="13cdc9d9-ddb5-4fa4-a97d-d965ccfc6d4b" outcome="Passed" testListId="8c84fa94-04c1-424b-9868-57a2d4851a1d" relativeResultsDirectory="0b5205e5-a595-408b-87cc-c7435c5dda08">
    </UnitTestResult>
  </Results>
</TestRun>